<?xml version="1.0" encoding="utf-8"?><testsuites name="pytest tests"><testsuite name="pytest" errors="0" failures="0" skipped="0" tests="6" time="1.481" timestamp="2026-09-18T16:53:03.664133+00:00" hostname="agent-env-12ae5c39-0063-44a5-a4e6-2debeecb0b06"><testcase classname="tests.test_kiosk_clock" name="test_scenario1_early_checkin_before_next_day_shift" time="0.281" /><testcase classname="tests.test_kiosk_clock" name="test_scenario2_late_after_start" time="0.009" /><testcase classname="tests.test_kiosk_clock" name="test_scenario3_evening_shift_variants" time="0.020" /><testcase classname="tests.test_kiosk_clock" name="test_scenario4_standard_day_shift" time="0.017" /><testcase classname="tests.test_kiosk_clock" name="test_susiyanto_record_ok" time="0.003" /><testcase classname="tests.test_kiosk_clock" name="test_zzz_restore_settings" time="0.004" /></testsuite></testsuites>