<?xml version="1.0" encoding="utf-8"?><testsuites name="pytest tests"><testsuite name="pytest" errors="0" failures="0" skipped="1" tests="12" time="0.750" timestamp="2026-09-18T17:17:20.066390+00:00" hostname="agent-env-12ae5c39-0063-44a5-a4e6-2debeecb0b06"><testcase classname="tests.test_kiosk_clock" name="test_scenario1_early_checkin_before_next_day_shift" time="0.245" /><testcase classname="tests.test_kiosk_clock" name="test_scenario2_late_after_start" time="0.009" /><testcase classname="tests.test_kiosk_clock" name="test_scenario3_evening_shift_variants" time="0.024" /><testcase classname="tests.test_kiosk_clock" name="test_scenario4_standard_day_shift" time="0.019" /><testcase classname="tests.test_kiosk_clock" name="test_susiyanto_record_ok" time="0.003"><skipped type="pytest.skip" message="Susiyanto row not present in /admin/today (date mismatch is ok)">/app/backend/tests/test_kiosk_clock.py:219: Susiyanto row not present in /admin/today (date mismatch is ok)</skipped></testcase><testcase classname="tests.test_kiosk_clock" name="test_zzz_restore_settings" time="0.013" /><testcase classname="tests.test_settings_partial_and_rejection" name="test_partial_put_only_updates_sent_fields" time="0.244" /><testcase classname="tests.test_settings_partial_and_rejection" name="test_partial_put_empty_body_rejected" time="0.003" /><testcase classname="tests.test_settings_partial_and_rejection" name="test_too_early_00_13_wib" time="0.013" /><testcase classname="tests.test_settings_partial_and_rejection" name="test_ok_00_31_wib" time="0.009" /><testcase classname="tests.test_settings_partial_and_rejection" name="test_late_01_45_wib" time="0.010" /><testcase classname="tests.test_settings_partial_and_rejection" name="test_zzz_final_restore" time="0.015" /></testsuite></testsuites>