<?xml version="1.0" encoding="utf-8"?><testsuites name="pytest tests"><testsuite name="pytest" errors="0" failures="0" skipped="0" tests="62" time="108.755" timestamp="2026-09-18T19:04:23.083947+00:00" hostname="agent-env-12ae5c39-0063-44a5-a4e6-2debeecb0b06"><testcase classname="tests.backend_test.TestAuth" name="test_owner_login" time="0.424" /><testcase classname="tests.backend_test.TestAuth" name="test_admin_login" time="0.363" /><testcase classname="tests.backend_test.TestAuth" name="test_teacher_login" time="0.386" /><testcase classname="tests.backend_test.TestAuth" name="test_invalid_password" time="0.349" /><testcase classname="tests.backend_test.TestAuth" name="test_me_endpoint" time="0.503" /><testcase classname="tests.backend_test.TestAuth" name="test_me_no_token" time="0.150" /><testcase classname="tests.backend_test.TestOwner" name="test_overview" time="0.150" /><testcase classname="tests.backend_test.TestOwner" name="test_list_schools" time="0.138" /><testcase classname="tests.backend_test.TestOwner" name="test_forbidden_for_non_owner" time="0.621" /><testcase classname="tests.backend_test.TestOwner" name="test_create_school" time="0.715" /><testcase classname="tests.backend_test.TestInvoices" name="test_generate_invoices" time="0.184" /><testcase classname="tests.backend_test.TestInvoices" name="test_list_invoices_by_period" time="0.189" /><testcase classname="tests.backend_test.TestInvoices" name="test_public_invoice_view" time="0.307" /><testcase classname="tests.backend_test.TestInvoices" name="test_invoice_pdf" time="0.298" /><testcase classname="tests.backend_test.TestInvoices" name="test_mock_pay" time="0.507" /><testcase classname="tests.backend_test.TestInvoices" name="test_generate_idempotent" time="0.217" /><testcase classname="tests.backend_test.TestAdminStats" name="test_admin_stats" time="0.149" /><testcase classname="tests.backend_test.TestAdminStats" name="test_admin_settings_get" time="0.121" /><testcase classname="tests.backend_test.TestAdminStats" name="test_admin_settings_update" time="0.581" /><testcase classname="tests.backend_test.TestAdminStats" name="test_add_location" time="1.328" /><testcase classname="tests.backend_test.TestAdminTeachers" name="test_list_teachers" time="0.127" /><testcase classname="tests.backend_test.TestAdminTeachers" name="test_create_teacher" time="0.439" /><testcase classname="tests.backend_test.TestAdminTeachers" name="test_enroll_face" time="0.330" /><testcase classname="tests.backend_test.TestAdminTeachers" name="test_delete_teacher" time="0.130" /><testcase classname="tests.backend_test.TestAdminStudents" name="test_add_student" time="0.503" /><testcase classname="tests.backend_test.TestAdminStudents" name="test_import_preview_and_commit" time="0.719" /><testcase classname="tests.backend_test.TestLeaves" name="test_teacher_create_leave" time="38.397" /><testcase classname="tests.backend_test.TestLeaves" name="test_admin_approve" time="36.261" /><testcase classname="tests.backend_test.TestLeaves" name="test_teacher_sees_approved" time="0.166" /><testcase classname="tests.backend_test.TestReports" name="test_report_json" time="19.747" /><testcase classname="tests.backend_test.TestReports" name="test_report_xlsx" time="0.179" /><testcase classname="tests.backend_test.TestReports" name="test_report_pdf" time="0.118" /><testcase classname="tests.backend_test.TestKiosk" name="test_info_valid_token" time="0.159" /><testcase classname="tests.backend_test.TestKiosk" name="test_info_invalid_token" time="0.151" /><testcase classname="tests.backend_test.TestKiosk" name="test_attend_face_not_recognized" time="0.129" /><testcase classname="tests.backend_test.TestKiosk" name="test_attend_outside_geofence_requires_enrolled" time="0.286" /><testcase classname="tests.test_bugfix_teacher_restore" name="test_teacher_login_ok" time="0.411" /><testcase classname="tests.test_bugfix_teacher_restore" name="test_teacher_me_ok" time="0.518" /><testcase classname="tests.test_bugfix_teacher_restore" name="test_teacher_attendance_and_leaves" time="0.657" /><testcase classname="tests.test_bugfix_teacher_restore" name="test_admin_sees_both_teachers" time="0.523" /><testcase classname="tests.test_kiosk_clock" name="test_scenario1_early_checkin_before_next_day_shift" time="0.243" /><testcase classname="tests.test_kiosk_clock" name="test_scenario2_late_after_start" time="0.009" /><testcase classname="tests.test_kiosk_clock" name="test_scenario3_evening_shift_variants" time="0.025" /><testcase classname="tests.test_kiosk_clock" name="test_scenario4_standard_day_shift" time="0.019" /><testcase classname="tests.test_kiosk_clock" name="test_susiyanto_record_ok" time="0.003" /><testcase classname="tests.test_kiosk_clock" name="test_zzz_restore_settings" time="0.004" /><testcase classname="tests.test_settings_partial_and_rejection" name="test_partial_put_only_updates_sent_fields" time="0.256" /><testcase classname="tests.test_settings_partial_and_rejection" name="test_partial_put_empty_body_rejected" time="0.002" /><testcase classname="tests.test_settings_partial_and_rejection" name="test_too_early_00_13_wib" time="0.013" /><testcase classname="tests.test_settings_partial_and_rejection" name="test_ok_00_31_wib" time="0.008" /><testcase classname="tests.test_settings_partial_and_rejection" name="test_late_01_45_wib" time="0.008" /><testcase classname="tests.test_settings_partial_and_rejection" name="test_zzz_final_restore" time="0.008" /><testcase classname="tests.test_student_kiosk_v2.TestStudentKiosk" name="test_attend_valid_present" time="0.251" /><testcase classname="tests.test_student_kiosk_v2.TestStudentKiosk" name="test_attend_duplicate_same_day" time="0.003" /><testcase classname="tests.test_student_kiosk_v2.TestStudentKiosk" name="test_attend_invalid_nis" time="0.003" /><testcase classname="tests.test_student_kiosk_v2.TestStudentKiosk" name="test_attend_outside_geofence" time="0.011" /><testcase classname="tests.test_student_kiosk_v2.TestStudentKiosk" name="test_attend_sakit_no_late" time="0.011" /><testcase classname="tests.test_student_kiosk_v2.TestStudentKiosk" name="test_zzz_cleanup" time="0.008" /><testcase classname="tests.test_student_kiosk_v2.TestStudentSync" name="test_sync_and_dedupe" time="0.019" /><testcase classname="tests.test_student_kiosk_v2.TestStudentPatch" name="test_patch_and_restore" time="0.027" /><testcase classname="tests.test_student_kiosk_v2.TestStudentPatch" name="test_patch_unknown_id" time="0.003" /><testcase classname="tests.test_student_kiosk_v2.TestAdminStatsStudents" name="test_stats_has_students_present" time="0.004" /></testsuite></testsuites>